<?xml version="1.0" encoding="UTF-8"?>
<testsuite xmlns:xsi="http://www.w3.org/2001/XMLSchema-instance" xsi:noNamespaceSchemaLocation="https://maven.apache.org/surefire/maven-surefire-plugin/xsd/surefire-test-report.xsd" name="ghaffarian.graphs.GraphsTests" time="0.078" tests="3" errors="0" skipped="0" failures="0">
  <properties>
    <property name="sun.desktop" value="gnome"/>
    <property name="awt.toolkit" value="sun.awt.X11.XToolkit"/>
    <property name="file.encoding.pkg" value="sun.io"/>
    <property name="java.specification.version" value="1.8"/>
    <property name="sun.cpu.isalist" value=""/>
    <property name="sun.jnu.encoding" value="UTF-8"/>
    <property name="java.class.path" value="/home/ghaffarian/NetBeansProjects/Graphs/target/test-classes:/home/ghaffarian/NetBeansProjects/Graphs/target/classes:/home/ghaffarian/.m2/repository/junit/junit/4.12/junit-4.12.jar:/home/ghaffarian/.m2/repository/org/hamcrest/hamcrest-core/1.3/hamcrest-core-1.3.jar:"/>
    <property name="java.vm.vendor" value="Oracle Corporation"/>
    <property name="sun.arch.data.model" value="64"/>
    <property name="java.vendor.url" value="http://java.oracle.com/"/>
    <property name="user.timezone" value=""/>
    <property name="java.vm.specification.version" value="1.8"/>
    <property name="os.name" value="Linux"/>
    <property name="sun.java.launcher" value="SUN_STANDARD"/>
    <property name="user.country" value="US"/>
    <property name="sun.boot.library.path" value="/usr/lib/jvm/jdk1.8.0_171/jre/lib/amd64"/>
    <property name="sun.java.command" value="/home/ghaffarian/NetBeansProjects/Graphs/target/surefire/surefirebooter6432991067440665231.jar /home/ghaffarian/NetBeansProjects/Graphs/target/surefire 2019-01-08T17-25-03_294-jvmRun1 surefire2350794491621056281tmp surefire_0629271958333356540tmp"/>
    <property name="surefire.test.class.path" value="/home/ghaffarian/NetBeansProjects/Graphs/target/test-classes:/home/ghaffarian/NetBeansProjects/Graphs/target/classes:/home/ghaffarian/.m2/repository/junit/junit/4.12/junit-4.12.jar:/home/ghaffarian/.m2/repository/org/hamcrest/hamcrest-core/1.3/hamcrest-core-1.3.jar:"/>
    <property name="sun.cpu.endian" value="little"/>
    <property name="user.home" value="/home/ghaffarian"/>
    <property name="user.language" value="en"/>
    <property name="java.specification.vendor" value="Oracle Corporation"/>
    <property name="java.home" value="/usr/lib/jvm/jdk1.8.0_171/jre"/>
    <property name="basedir" value="/home/ghaffarian/NetBeansProjects/Graphs"/>
    <property name="file.separator" value="/"/>
    <property name="line.separator" value="&#10;"/>
    <property name="java.vm.specification.vendor" value="Oracle Corporation"/>
    <property name="java.specification.name" value="Java Platform API Specification"/>
    <property name="java.awt.graphicsenv" value="sun.awt.X11GraphicsEnvironment"/>
    <property name="surefire.real.class.path" value="/home/ghaffarian/NetBeansProjects/Graphs/target/surefire/surefirebooter6432991067440665231.jar"/>
    <property name="sun.boot.class.path" value="/usr/lib/jvm/jdk1.8.0_171/jre/lib/resources.jar:/usr/lib/jvm/jdk1.8.0_171/jre/lib/rt.jar:/usr/lib/jvm/jdk1.8.0_171/jre/lib/sunrsasign.jar:/usr/lib/jvm/jdk1.8.0_171/jre/lib/jsse.jar:/usr/lib/jvm/jdk1.8.0_171/jre/lib/jce.jar:/usr/lib/jvm/jdk1.8.0_171/jre/lib/charsets.jar:/usr/lib/jvm/jdk1.8.0_171/jre/lib/jfr.jar:/usr/lib/jvm/jdk1.8.0_171/jre/classes"/>
    <property name="sun.management.compiler" value="HotSpot 64-Bit Tiered Compilers"/>
    <property name="java.runtime.version" value="1.8.0_171-b11"/>
    <property name="user.name" value="ghaffarian"/>
    <property name="path.separator" value=":"/>
    <property name="os.version" value="4.4.0-139-generic"/>
    <property name="java.endorsed.dirs" value="/usr/lib/jvm/jdk1.8.0_171/jre/lib/endorsed"/>
    <property name="java.runtime.name" value="Java(TM) SE Runtime Environment"/>
    <property name="file.encoding" value="UTF-8"/>
    <property name="java.vm.name" value="Java HotSpot(TM) 64-Bit Server VM"/>
    <property name="maven.ext.class.path" value="/home/ghaffarian/Applications/Netbeans-8.2/java/maven-nblib/netbeans-eventspy.jar"/>
    <property name="localRepository" value="/home/ghaffarian/.m2/repository"/>
    <property name="java.vendor.url.bug" value="http://bugreport.sun.com/bugreport/"/>
    <property name="java.io.tmpdir" value="/tmp"/>
    <property name="java.version" value="1.8.0_171"/>
    <property name="user.dir" value="/home/ghaffarian/NetBeansProjects/Graphs"/>
    <property name="os.arch" value="amd64"/>
    <property name="java.vm.specification.name" value="Java Virtual Machine Specification"/>
    <property name="java.awt.printerjob" value="sun.print.PSPrinterJob"/>
    <property name="sun.os.patch.level" value="unknown"/>
    <property name="java.library.path" value="/usr/lib/jvm/oracle-jdk-8/jre/lib/amd64:/usr/lib/jvm/oracle-jdk-8/jre/lib/i386::/usr/java/packages/lib/amd64:/usr/lib64:/lib64:/lib:/usr/lib"/>
    <property name="java.vm.info" value="mixed mode"/>
    <property name="java.vendor" value="Oracle Corporation"/>
    <property name="java.vm.version" value="25.171-b11"/>
    <property name="java.ext.dirs" value="/usr/lib/jvm/jdk1.8.0_171/jre/lib/ext:/usr/java/packages/lib/ext"/>
    <property name="sun.io.unicode.encoding" value="UnicodeLittle"/>
    <property name="java.class.version" value="52.0"/>
  </properties>
  <testcase name="subGraphTest" classname="ghaffarian.graphs.GraphsTests" time="0.006"/>
  <testcase name="dotWriterTest" classname="ghaffarian.graphs.GraphsTests" time="0.001"/>
  <testcase name="dotReaderTest" classname="ghaffarian.graphs.GraphsTests" time="0.001"/>
</testsuite>